/*C1*/SET SCHEMA PUBLIC
CONNECT USER SA
SET AUTOCOMMIT FALSE
SET AUTOCOMMIT TRUE
DISCONNECT
/*C2*/SET SCHEMA PUBLIC
CONNECT USER SA
DISCONNECT
/*C3*/SET SCHEMA PUBLIC
CONNECT USER SA
DISCONNECT
/*C4*/SET SCHEMA PUBLIC
CONNECT USER SA
DISCONNECT
/*C5*/SET SCHEMA PUBLIC
CONNECT USER SA
\u000a    create table User (\u000a        id bigint generated by default as identity (start with 1),\u000a        active bit not null,\u000a        description varchar(255),\u000a        hashedPassword varchar(255),\u000a        name varchar(255),\u000a        userData varbinary(255),\u000a        primary key (id)\u000a    )
DISCONNECT
/*C6*/SET SCHEMA PUBLIC
CONNECT USER SA
SET AUTOCOMMIT FALSE
INSERT INTO USER VALUES(1,TRUE,'colin''s user','password','colin',NULL)
DELETE FROM USER WHERE ID=1
INSERT INTO USER VALUES(1,TRUE,'colin''s user','password','colin',NULL)
COMMIT
SET AUTOCOMMIT TRUE
DISCONNECT
/*C7*/SET SCHEMA PUBLIC
CONNECT USER SA
/*C8*/SET SCHEMA PUBLIC
CONNECT USER SA
DISCONNECT
/*C9*/SET SCHEMA PUBLIC
CONNECT USER SA
DISCONNECT
/*C10*/SET SCHEMA PUBLIC
CONNECT USER SA
SET AUTOCOMMIT FALSE
INSERT INTO USER VALUES(2,TRUE,'colin''s user','password','colin',NULL)
DELETE FROM USER WHERE ID=2
INSERT INTO USER VALUES(2,TRUE,'colin''s user','password','colin',NULL)
COMMIT
SET AUTOCOMMIT TRUE
DISCONNECT
/*C11*/SET SCHEMA PUBLIC
CONNECT USER SA
DISCONNECT
/*C12*/SET SCHEMA PUBLIC
CONNECT USER SA
DISCONNECT
/*C13*/SET SCHEMA PUBLIC
CONNECT USER SA
SET AUTOCOMMIT FALSE
INSERT INTO USER VALUES(3,TRUE,'colin''s user','password','colin',NULL)
DELETE FROM USER WHERE ID=3
INSERT INTO USER VALUES(3,TRUE,'colin''s user','password','colin',NULL)
COMMIT
SET AUTOCOMMIT TRUE
DISCONNECT
/*C7*/drop table user
/*C14*/SET SCHEMA PUBLIC
CONNECT USER SA
DISCONNECT
/*C15*/SET SCHEMA PUBLIC
CONNECT USER SA
\u000a    create table User (\u000a        id bigint generated by default as identity (start with 1),\u000a        active bit not null,\u000a        description varchar(255),\u000a        hashedPassword varchar(255),\u000a        name varchar(255),\u000a        userData varbinary(255),\u000a        primary key (id)\u000a    )
DISCONNECT
/*C16*/SET SCHEMA PUBLIC
CONNECT USER SA
SET AUTOCOMMIT FALSE
INSERT INTO USER VALUES(1,TRUE,'colin''s user','password','colin',NULL)
DELETE FROM USER WHERE ID=1
INSERT INTO USER VALUES(1,TRUE,'colin''s user','password','colin',NULL)
COMMIT
SET AUTOCOMMIT TRUE
DISCONNECT
/*C17*/SET SCHEMA PUBLIC
CONNECT USER SA
DISCONNECT
/*C18*/SET SCHEMA PUBLIC
CONNECT USER SA
DISCONNECT
/*C19*/SET SCHEMA PUBLIC
CONNECT USER SA
DISCONNECT
/*C20*/SET SCHEMA PUBLIC
CONNECT USER SA
DISCONNECT
/*C21*/SET SCHEMA PUBLIC
CONNECT USER SA
DISCONNECT
/*C22*/SET SCHEMA PUBLIC
CONNECT USER SA
DISCONNECT
/*C23*/SET SCHEMA PUBLIC
CONNECT USER SA
SET AUTOCOMMIT FALSE
INSERT INTO USER VALUES(2,TRUE,'colin''s user','password','colin',NULL)
DELETE FROM USER WHERE ID=2
INSERT INTO USER VALUES(2,TRUE,'colin''s user','password','colin',NULL)
COMMIT
SET AUTOCOMMIT TRUE
DISCONNECT
/*C24*/SET SCHEMA PUBLIC
CONNECT USER SA
DISCONNECT
/*C25*/SET SCHEMA PUBLIC
CONNECT USER SA
DISCONNECT
/*C26*/SET SCHEMA PUBLIC
CONNECT USER SA
SET AUTOCOMMIT FALSE
INSERT INTO USER VALUES(3,TRUE,'colin''s user','password','colin',NULL)
DELETE FROM USER WHERE ID=3
INSERT INTO USER VALUES(3,TRUE,'colin''s user','password','colin',NULL)
COMMIT
SET AUTOCOMMIT TRUE
DISCONNECT
/*C27*/SET SCHEMA PUBLIC
CONNECT USER SA
DISCONNECT
/*C28*/SET SCHEMA PUBLIC
CONNECT USER SA
DISCONNECT
/*C29*/SET SCHEMA PUBLIC
CONNECT USER SA
SET AUTOCOMMIT FALSE
INSERT INTO USER VALUES(4,TRUE,'colin''s user','password','colin',NULL)
DELETE FROM USER WHERE ID=4
INSERT INTO USER VALUES(4,TRUE,'colin''s user','password','colin',NULL)
COMMIT
SET AUTOCOMMIT TRUE
DISCONNECT
/*C30*/SET SCHEMA PUBLIC
CONNECT USER SA
DISCONNECT
/*C31*/SET SCHEMA PUBLIC
CONNECT USER SA
DISCONNECT
/*C32*/SET SCHEMA PUBLIC
CONNECT USER SA
DISCONNECT
/*C33*/SET SCHEMA PUBLIC
CONNECT USER SA
DISCONNECT
/*C34*/SET SCHEMA PUBLIC
CONNECT USER SA
SET AUTOCOMMIT FALSE
INSERT INTO USER VALUES(5,TRUE,'colin''s user','password','colin',NULL)
DELETE FROM USER WHERE ID=5
INSERT INTO USER VALUES(5,TRUE,'colin''s user','password','colin',NULL)
COMMIT
SET AUTOCOMMIT TRUE
DISCONNECT
/*C35*/SET SCHEMA PUBLIC
CONNECT USER SA
DISCONNECT
/*C36*/SET SCHEMA PUBLIC
CONNECT USER SA
DISCONNECT
/*C37*/SET SCHEMA PUBLIC
CONNECT USER SA
SET AUTOCOMMIT FALSE
INSERT INTO USER VALUES(6,TRUE,'colin''s user','password','colin',NULL)
DELETE FROM USER WHERE ID=6
INSERT INTO USER VALUES(6,TRUE,'colin''s user','password','colin',NULL)
COMMIT
SET AUTOCOMMIT TRUE
DISCONNECT
/*C38*/SET SCHEMA PUBLIC
CONNECT USER SA
DISCONNECT
/*C39*/SET SCHEMA PUBLIC
CONNECT USER SA
DISCONNECT
/*C40*/SET SCHEMA PUBLIC
CONNECT USER SA
SET AUTOCOMMIT FALSE
INSERT INTO USER VALUES(7,TRUE,'colin''s user','password','colin',NULL)
DELETE FROM USER WHERE ID=7
INSERT INTO USER VALUES(7,TRUE,'colin''s user','password','colin',NULL)
COMMIT
SET AUTOCOMMIT TRUE
DISCONNECT
/*C41*/SET SCHEMA PUBLIC
CONNECT USER SA
DISCONNECT
/*C42*/SET SCHEMA PUBLIC
CONNECT USER SA
DISCONNECT
/*C43*/SET SCHEMA PUBLIC
CONNECT USER SA
DISCONNECT
/*C44*/SET SCHEMA PUBLIC
CONNECT USER SA
SET AUTOCOMMIT FALSE
INSERT INTO USER VALUES(8,TRUE,'colin''s user','password','colin',NULL)
DELETE FROM USER WHERE ID=8
INSERT INTO USER VALUES(8,TRUE,'colin''s user','password','colin',NULL)
COMMIT
SET AUTOCOMMIT TRUE
DISCONNECT
/*C45*/SET SCHEMA PUBLIC
CONNECT USER SA
DISCONNECT
/*C46*/SET SCHEMA PUBLIC
CONNECT USER SA
DISCONNECT
/*C47*/SET SCHEMA PUBLIC
CONNECT USER SA
\u000a    create table users (\u000a        id bigint generated by default as identity (start with 1),\u000a        active bit not null,\u000a        description varchar(255),\u000a        hashedPassword varchar(255),\u000a        name varchar(255),\u000a        userData varbinary(255),\u000a        primary key (id)\u000a    )
DISCONNECT
/*C48*/SET SCHEMA PUBLIC
CONNECT USER SA
SET AUTOCOMMIT FALSE
INSERT INTO USERS VALUES(1,TRUE,'colin''s user','password','colin',NULL)
DELETE FROM USERS WHERE ID=1
INSERT INTO USERS VALUES(1,TRUE,'colin''s user','password','colin',NULL)
COMMIT
SET AUTOCOMMIT TRUE
DISCONNECT
/*C49*/SET SCHEMA PUBLIC
CONNECT USER SA
DISCONNECT
/*C7*/DROP TABLE user
/*C50*/SET SCHEMA PUBLIC
CONNECT USER SA
DISCONNECT
/*C51*/SET SCHEMA PUBLIC
CONNECT USER SA
DISCONNECT
/*C52*/SET SCHEMA PUBLIC
CONNECT USER SA
SET AUTOCOMMIT FALSE
INSERT INTO USERS VALUES(2,TRUE,'colin''s user','password','colin',NULL)
DELETE FROM USERS WHERE ID=2
INSERT INTO USERS VALUES(2,TRUE,'colin''s user','password','colin',NULL)
COMMIT
SET AUTOCOMMIT TRUE
DISCONNECT
/*C53*/SET SCHEMA PUBLIC
CONNECT USER SA
DISCONNECT
/*C54*/SET SCHEMA PUBLIC
CONNECT USER SA
DISCONNECT
/*C55*/SET SCHEMA PUBLIC
CONNECT USER SA
DISCONNECT
/*C56*/SET SCHEMA PUBLIC
CONNECT USER SA
SET AUTOCOMMIT FALSE
INSERT INTO USERS VALUES(3,TRUE,'colin''s user','password','colin',NULL)
DELETE FROM USERS WHERE ID=3
INSERT INTO USERS VALUES(3,TRUE,'colin''s user','password','colin',NULL)
COMMIT
SET AUTOCOMMIT TRUE
DISCONNECT
/*C57*/SET SCHEMA PUBLIC
CONNECT USER SA
DISCONNECT
/*C58*/SET SCHEMA PUBLIC
CONNECT USER SA
DISCONNECT
/*C59*/SET SCHEMA PUBLIC
CONNECT USER SA
DISCONNECT
/*C60*/SET SCHEMA PUBLIC
CONNECT USER SA
DISCONNECT
/*C61*/SET SCHEMA PUBLIC
CONNECT USER SA
DISCONNECT
/*C62*/SET SCHEMA PUBLIC
CONNECT USER SA
SET AUTOCOMMIT FALSE
INSERT INTO USERS VALUES(4,TRUE,'colin''s user','password','colin',NULL)
DELETE FROM USERS WHERE ID=4
INSERT INTO USERS VALUES(4,TRUE,'colin''s user','password','colin',NULL)
COMMIT
SET AUTOCOMMIT TRUE
DISCONNECT
/*C63*/SET SCHEMA PUBLIC
CONNECT USER SA
DISCONNECT
/*C64*/SET SCHEMA PUBLIC
CONNECT USER SA
DISCONNECT
/*C65*/SET SCHEMA PUBLIC
CONNECT USER SA
DISCONNECT
/*C66*/SET SCHEMA PUBLIC
CONNECT USER SA
DISCONNECT
/*C67*/SET SCHEMA PUBLIC
CONNECT USER SA
DISCONNECT
/*C68*/SET SCHEMA PUBLIC
CONNECT USER SA
DISCONNECT
/*C69*/SET SCHEMA PUBLIC
CONNECT USER SA
DISCONNECT
/*C70*/SET SCHEMA PUBLIC
CONNECT USER SA
DISCONNECT
/*C71*/SET SCHEMA PUBLIC
CONNECT USER SA
DISCONNECT
/*C72*/SET SCHEMA PUBLIC
CONNECT USER SA
DISCONNECT
/*C73*/SET SCHEMA PUBLIC
CONNECT USER SA
DISCONNECT
/*C74*/SET SCHEMA PUBLIC
CONNECT USER SA
DISCONNECT
/*C75*/SET SCHEMA PUBLIC
CONNECT USER SA
DISCONNECT
/*C76*/SET SCHEMA PUBLIC
CONNECT USER SA
DISCONNECT
/*C77*/SET SCHEMA PUBLIC
CONNECT USER SA
DISCONNECT
/*C78*/SET SCHEMA PUBLIC
CONNECT USER SA
DISCONNECT
/*C79*/SET SCHEMA PUBLIC
CONNECT USER SA
DISCONNECT
/*C80*/SET SCHEMA PUBLIC
CONNECT USER SA
DISCONNECT
/*C81*/SET SCHEMA PUBLIC
CONNECT USER SA
DISCONNECT
